<?xml version="1.0" encoding="UTF-8"?>
<!-- Generated by org.testng.reporters.JUnitXMLReporter -->
<testsuite hostname="LAPTOP-JUVC7F3L" ignored="0" name="Default test" tests="5" failures="0" timestamp="2021-01-17T20:26:56 IST" time="0.09" errors="0">
  <testcase name="@BeforeClass setup" time="-1.610895416448E9" classname="com.claimGenius.qa.base.BaseClass">
    <failure type="org.testng.TestNGException" message="
Parameter &amp;apos;browser&amp;apos; is required by BeforeClass on method setup but has not been marked @Optional or defined
in C:\Users\91888\AppData\Local\Temp\testng-eclipse--23383806\testng-customsuite.xml">
      <![CDATA[org.testng.TestNGException: 
Parameter 'browser' is required by BeforeClass on method setup but has not been marked @Optional or defined
in C:\Users\91888\AppData\Local\Temp\testng-eclipse--23383806\testng-customsuite.xml
at org.testng.internal.Parameters.createParams(Parameters.java:272)
at org.testng.internal.Parameters.createParametersForMethod(Parameters.java:360)
at org.testng.internal.Parameters.createParameters(Parameters.java:704)
at org.testng.internal.Parameters.createConfigurationParameters(Parameters.java:166)
at org.testng.internal.ConfigInvoker.invokeConfigurations(ConfigInvoker.java:283)
at org.testng.internal.TestMethodWorker.invokeBeforeClassMethods(TestMethodWorker.java:176)
at org.testng.internal.TestMethodWorker.run(TestMethodWorker.java:122)
at java.util.ArrayList.forEach(Unknown Source)
at org.testng.TestRunner.privateRun(TestRunner.java:766)
at org.testng.TestRunner.run(TestRunner.java:587)
at org.testng.SuiteRunner.runTest(SuiteRunner.java:384)
at org.testng.SuiteRunner.runSequentially(SuiteRunner.java:378)
at org.testng.SuiteRunner.privateRun(SuiteRunner.java:337)
at org.testng.SuiteRunner.run(SuiteRunner.java:286)
at org.testng.SuiteRunnerWorker.runSuite(SuiteRunnerWorker.java:53)
at org.testng.SuiteRunnerWorker.run(SuiteRunnerWorker.java:96)
at org.testng.TestNG.runSuitesSequentially(TestNG.java:1187)
at org.testng.TestNG.runSuitesLocally(TestNG.java:1109)
at org.testng.TestNG.runSuites(TestNG.java:1039)
at org.testng.TestNG.run(TestNG.java:1007)
at org.testng.remote.AbstractRemoteTestNG.run(AbstractRemoteTestNG.java:115)
at org.testng.remote.RemoteTestNG.initAndRun(RemoteTestNG.java:251)
at org.testng.remote.RemoteTestNG.main(RemoteTestNG.java:77)
]]>
    </failure>
  </testcase> <!-- @BeforeClass setup -->
  <testcase name="get_label_of_checkboxes_and_check_on_checkbox_label_with_Automation_Tester" time="0.0" classname="com.claimgenius.qa.testcases.Test_cases_on_check_box">
    <skipped/>
  </testcase> <!-- get_label_of_checkboxes_and_check_on_checkbox_label_with_Automation_Tester -->
  <testcase name="get_label_of_checkboxes_present_on_webpage" time="0.0" classname="com.claimgenius.qa.testcases.Test_cases_on_check_box">
    <skipped/>
  </testcase> <!-- get_label_of_checkboxes_present_on_webpage -->
  <testcase name="verify_checkboxe_labeled_with_Manual_Tester_is_selected" time="0.0" classname="com.claimgenius.qa.testcases.Test_cases_on_check_box">
    <skipped/>
  </testcase> <!-- verify_checkboxe_labeled_with_Manual_Tester_is_selected -->
  <testcase name="verify_checkboxes_labeled_with_profession_are_active_on_webpage" time="0.0" classname="com.claimgenius.qa.testcases.Test_cases_on_check_box">
    <skipped/>
  </testcase> <!-- verify_checkboxes_labeled_with_profession_are_active_on_webpage -->
  <testcase name="verify_checkboxes_labeled_with_profession_are_present_on_webpage" time="0.0" classname="com.claimgenius.qa.testcases.Test_cases_on_check_box">
    <skipped/>
  </testcase> <!-- verify_checkboxes_labeled_with_profession_are_present_on_webpage -->
</testsuite> <!-- Default test -->
